build/app/intermediates/manifest_merge_blame_file/debug/manifest-merger-blame-debug-report.txt
1<?xml version="1.0" encoding="utf-8"?>
2<manifest xmlns:android="http://schemas.android.com/apk/res/android"
3    package="com.example.bright_fit"
4    android:versionCode="1"
5    android:versionName="1.0.0" >
6
7    <uses-sdk
8        android:minSdkVersion="21"
9        android:targetSdkVersion="31" />
10    <!--
11         Flutter needs it to communicate with the running application
12         to allow setting breakpoints, to provide hot reload, etc.
13    -->
14    <uses-permission android:name="android.permission.INTERNET" />
14-->src/debug/AndroidManifest.xml:6:5-66
14-->src/debug/AndroidManifest.xml:6:22-64
15
16    <queries>
16-->[:flutter_inappwebview] AndroidManifest.xml:9:5-13:15
17        <intent>
17-->[:flutter_inappwebview] AndroidManifest.xml:10:9-12:18
18            <action android:name="android.support.customtabs.action.CustomTabsService" />
18-->[:flutter_inappwebview] AndroidManifest.xml:11:13-90
18-->[:flutter_inappwebview] AndroidManifest.xml:11:21-87
19        </intent>
20    </queries>
21
22    <uses-permission android:name="android.permission.CAMERA" />
22-->[:camera_android] AndroidManifest.xml:9:5-65
22-->[:camera_android] AndroidManifest.xml:9:22-62
23    <uses-permission android:name="android.permission.RECORD_AUDIO" />
23-->[:camera_android] AndroidManifest.xml:10:5-71
23-->[:camera_android] AndroidManifest.xml:10:22-68
24    <uses-permission android:name="android.permission.ACCESS_NETWORK_STATE" />
24-->[com.google.android.exoplayer:exoplayer-core:2.12.1] AndroidManifest.xml:24:5-79
24-->[com.google.android.exoplayer:exoplayer-core:2.12.1] AndroidManifest.xml:24:22-76
25    <!--
26 io.flutter.app.FlutterApplication is an android.app.Application that
27         calls FlutterMain.startInitialization(this); in its onCreate method.
28         In most cases you can leave this as-is, but you if you want to provide
29         additional functionality it is fine to subclass or reimplement
30         FlutterApplication and put your custom class here.
31    -->
32    <application
33        android:name="android.app.Application"
34        android:appComponentFactory="androidx.core.app.CoreComponentFactory"
34-->[androidx.core:core:1.7.0] AndroidManifest.xml:24:18-86
35        android:debuggable="true"
36        android:icon="@mipmap/ic_launcher"
37        android:label="bright_fit"
38        android:usesCleartextTraffic="true" >
39        <activity
40            android:name="com.example.bright_fit.MainActivity"
41            android:configChanges="orientation|keyboardHidden|keyboard|screenSize|smallestScreenSize|locale|layoutDirection|fontScale|screenLayout|density|uiMode"
42            android:exported="true"
43            android:hardwareAccelerated="true"
44            android:launchMode="singleTop"
45            android:theme="@style/LaunchTheme"
46            android:windowSoftInputMode="adjustResize" >
47            <intent-filter>
48                <action android:name="android.intent.action.MAIN" />
49
50                <category android:name="android.intent.category.LAUNCHER" />
51            </intent-filter>
52        </activity>
53        <!--
54             Don't delete the meta-data below.
55             This is used by the Flutter tool to generate GeneratedPluginRegistrant.java
56        -->
57        <meta-data
58            android:name="flutterEmbedding"
59            android:value="2" />
60
61        <activity
61-->[:flutter_inappwebview] AndroidManifest.xml:16:9-20:47
62            android:name="com.pichillilorenzo.flutter_inappwebview.in_app_browser.InAppBrowserActivity"
62-->[:flutter_inappwebview] AndroidManifest.xml:17:13-104
63            android:configChanges="orientation|keyboardHidden|keyboard|screenSize|locale|layoutDirection|fontScale|screenLayout|density"
63-->[:flutter_inappwebview] AndroidManifest.xml:18:13-137
64            android:exported="true"
64-->[:flutter_inappwebview] AndroidManifest.xml:19:13-36
65            android:theme="@style/AppTheme" />
65-->[:flutter_inappwebview] AndroidManifest.xml:20:13-44
66        <activity
66-->[:flutter_inappwebview] AndroidManifest.xml:21:9-24:55
67            android:name="com.pichillilorenzo.flutter_inappwebview.chrome_custom_tabs.ChromeCustomTabsActivity"
67-->[:flutter_inappwebview] AndroidManifest.xml:22:13-112
68            android:exported="true"
68-->[:flutter_inappwebview] AndroidManifest.xml:23:13-36
69            android:theme="@style/ThemeTransparent" />
69-->[:flutter_inappwebview] AndroidManifest.xml:24:13-52
70        <activity
70-->[:flutter_inappwebview] AndroidManifest.xml:25:9-28:55
71            android:name="com.pichillilorenzo.flutter_inappwebview.chrome_custom_tabs.TrustedWebActivity"
71-->[:flutter_inappwebview] AndroidManifest.xml:26:13-106
72            android:exported="true"
72-->[:flutter_inappwebview] AndroidManifest.xml:27:13-36
73            android:theme="@style/ThemeTransparent" />
73-->[:flutter_inappwebview] AndroidManifest.xml:28:13-52
74        <activity
74-->[:flutter_inappwebview] AndroidManifest.xml:29:9-33:55
75            android:name="com.pichillilorenzo.flutter_inappwebview.chrome_custom_tabs.ChromeCustomTabsActivitySingleInstance"
75-->[:flutter_inappwebview] AndroidManifest.xml:30:13-126
76            android:exported="true"
76-->[:flutter_inappwebview] AndroidManifest.xml:31:13-36
77            android:launchMode="singleInstance"
77-->[:flutter_inappwebview] AndroidManifest.xml:32:13-48
78            android:theme="@style/ThemeTransparent" />
78-->[:flutter_inappwebview] AndroidManifest.xml:33:13-52
79        <activity
79-->[:flutter_inappwebview] AndroidManifest.xml:34:9-38:55
80            android:name="com.pichillilorenzo.flutter_inappwebview.chrome_custom_tabs.TrustedWebActivitySingleInstance"
80-->[:flutter_inappwebview] AndroidManifest.xml:35:13-120
81            android:exported="true"
81-->[:flutter_inappwebview] AndroidManifest.xml:36:13-36
82            android:launchMode="singleInstance"
82-->[:flutter_inappwebview] AndroidManifest.xml:37:13-48
83            android:theme="@style/ThemeTransparent" />
83-->[:flutter_inappwebview] AndroidManifest.xml:38:13-52
84
85        <receiver
85-->[:flutter_inappwebview] AndroidManifest.xml:40:9-43:40
86            android:name="com.pichillilorenzo.flutter_inappwebview.chrome_custom_tabs.ActionBroadcastReceiver"
86-->[:flutter_inappwebview] AndroidManifest.xml:41:13-111
87            android:enabled="true"
87-->[:flutter_inappwebview] AndroidManifest.xml:42:13-35
88            android:exported="false" />
88-->[:flutter_inappwebview] AndroidManifest.xml:43:13-37
89
90        <meta-data
90-->[:flutter_inappwebview] AndroidManifest.xml:45:9-47:36
91            android:name="io.flutter.embedded_views_preview"
91-->[:flutter_inappwebview] AndroidManifest.xml:46:13-61
92            android:value="true" />
92-->[:flutter_inappwebview] AndroidManifest.xml:47:13-33
93
94        <activity
94-->[:url_launcher_android] AndroidManifest.xml:10:9-13:74
95            android:name="io.flutter.plugins.urllauncher.WebViewActivity"
95-->[:url_launcher_android] AndroidManifest.xml:11:13-74
96            android:exported="false"
96-->[:url_launcher_android] AndroidManifest.xml:12:13-37
97            android:theme="@android:style/Theme.NoTitleBar.Fullscreen" />
97-->[:url_launcher_android] AndroidManifest.xml:13:13-71
98
99        <uses-library
99-->[androidx.window:window:1.0.0-beta04] AndroidManifest.xml:25:9-27:40
100            android:name="androidx.window.extensions"
100-->[androidx.window:window:1.0.0-beta04] AndroidManifest.xml:26:13-54
101            android:required="false" />
101-->[androidx.window:window:1.0.0-beta04] AndroidManifest.xml:27:13-37
102        <uses-library
102-->[androidx.window:window:1.0.0-beta04] AndroidManifest.xml:28:9-30:40
103            android:name="androidx.window.sidecar"
103-->[androidx.window:window:1.0.0-beta04] AndroidManifest.xml:29:13-51
104            android:required="false" />
104-->[androidx.window:window:1.0.0-beta04] AndroidManifest.xml:30:13-37
105
106        <provider
106-->[androidx.emoji2:emoji2:1.0.0] AndroidManifest.xml:26:9-34:20
107            android:name="androidx.startup.InitializationProvider"
107-->[androidx.emoji2:emoji2:1.0.0] AndroidManifest.xml:27:13-67
108            android:authorities="com.example.bright_fit.androidx-startup"
108-->[androidx.emoji2:emoji2:1.0.0] AndroidManifest.xml:28:13-68
109            android:exported="false" >
109-->[androidx.emoji2:emoji2:1.0.0] AndroidManifest.xml:29:13-37
110            <meta-data
110-->[androidx.emoji2:emoji2:1.0.0] AndroidManifest.xml:31:13-33:52
111                android:name="androidx.emoji2.text.EmojiCompatInitializer"
111-->[androidx.emoji2:emoji2:1.0.0] AndroidManifest.xml:32:17-75
112                android:value="androidx.startup" />
112-->[androidx.emoji2:emoji2:1.0.0] AndroidManifest.xml:33:17-49
113            <meta-data
113-->[androidx.lifecycle:lifecycle-process:2.4.0] AndroidManifest.xml:31:13-33:52
114                android:name="androidx.lifecycle.ProcessLifecycleInitializer"
114-->[androidx.lifecycle:lifecycle-process:2.4.0] AndroidManifest.xml:32:17-78
115                android:value="androidx.startup" />
115-->[androidx.lifecycle:lifecycle-process:2.4.0] AndroidManifest.xml:33:17-49
116        </provider>
117    </application>
118
119</manifest>